[debug] [2023-07-23T11:20:32.934Z] ----------------------------------------------------------------------
[debug] [2023-07-23T11:20:32.936Z] Command:       H:\nodejs\node.exe C:\Users\ARCHITHA\AppData\Roaming\npm\node_modules\firebase-tools\lib\bin\firebase.js init
[debug] [2023-07-23T11:20:32.937Z] CLI Version:   12.3.1
[debug] [2023-07-23T11:20:32.937Z] Platform:      win32
[debug] [2023-07-23T11:20:32.938Z] Node Version:  v18.12.1
[debug] [2023-07-23T11:20:32.939Z] Time:          Sun Jul 23 2023 16:50:32 GMT+0530 (India Standard Time)
[debug] [2023-07-23T11:20:32.939Z] ----------------------------------------------------------------------
[debug] 
[debug] [2023-07-23T11:20:33.032Z] > command requires scopes: ["email","openid","https://www.googleapis.com/auth/cloudplatformprojects.readonly","https://www.googleapis.com/auth/firebase","https://www.googleapis.com/auth/cloud-platform"]
[debug] [2023-07-23T11:20:33.032Z] > authorizing via signed-in user (a.architha1283@gmail.com)
[info] 
     ######## #### ########  ######## ########     ###     ######  ########
     ##        ##  ##     ## ##       ##     ##  ##   ##  ##       ##
     ######    ##  ########  ######   ########  #########  ######  ######
     ##        ##  ##    ##  ##       ##     ## ##     ##       ## ##
     ##       #### ##     ## ######## ########  ##     ##  ######  ########

You're about to initialize a Firebase project in this directory:

  H:\amazon-clone

Before we get started, keep in mind:

  * You are initializing within an existing Firebase project directory

[info] 
=== Project Setup
[info] 
[info] First, let's associate this project directory with a Firebase project.
[info] You can create multiple project aliases by running firebase use --add, 
[info] but for now we'll just set up a default project.
[info] 
[debug] [2023-07-23T11:25:41.568Z] Using project from CLI flag: clone-ff6c4
[debug] [2023-07-23T11:25:41.571Z] > refreshing access token with scopes: []
[debug] [2023-07-23T11:25:41.573Z] >>> [apiv2][query] POST https://www.googleapis.com/oauth2/v3/token [none]
[debug] [2023-07-23T11:25:41.573Z] >>> [apiv2][body] POST https://www.googleapis.com/oauth2/v3/token [omitted]
[debug] [2023-07-23T11:25:41.813Z] <<< [apiv2][status] POST https://www.googleapis.com/oauth2/v3/token 200
[debug] [2023-07-23T11:25:41.813Z] <<< [apiv2][body] POST https://www.googleapis.com/oauth2/v3/token [omitted]
[debug] [2023-07-23T11:25:41.939Z] >>> [apiv2][query] GET https://firebase.googleapis.com/v1beta1/projects/clone-ff6c4 [none]
[debug] [2023-07-23T11:25:42.400Z] <<< [apiv2][status] GET https://firebase.googleapis.com/v1beta1/projects/clone-ff6c4 200
[debug] [2023-07-23T11:25:42.401Z] <<< [apiv2][body] GET https://firebase.googleapis.com/v1beta1/projects/clone-ff6c4 {"projectId":"clone-ff6c4","projectNumber":"968345715607","displayName":"Amazon-Clone","name":"projects/clone-ff6c4","resources":{"hostingSite":"clone-ff6c4","realtimeDatabaseInstance":"clone-ff6c4-default-rtdb"},"state":"ACTIVE","etag":"1_06c8733f-081e-498d-bd96-bc6d4890653e"}
[info] i  Using project clone-ff6c4 (Amazon-Clone) 
[info] 
=== Functions Setup
[debug] [2023-07-23T11:25:42.460Z] > command requires scopes: ["email","openid","https://www.googleapis.com/auth/cloudplatformprojects.readonly","https://www.googleapis.com/auth/firebase","https://www.googleapis.com/auth/cloud-platform"]
[debug] [2023-07-23T11:25:42.460Z] > authorizing via signed-in user (a.architha1283@gmail.com)
[debug] [2023-07-23T11:25:42.460Z] [iam] checking project clone-ff6c4 for permissions ["firebase.projects.get"]
[debug] [2023-07-23T11:25:42.460Z] >>> [apiv2][query] POST https://cloudresourcemanager.googleapis.com/v1/projects/clone-ff6c4:testIamPermissions [none]
[debug] [2023-07-23T11:25:42.461Z] >>> [apiv2][(partial)header] POST https://cloudresourcemanager.googleapis.com/v1/projects/clone-ff6c4:testIamPermissions x-goog-quota-user=projects/clone-ff6c4
[debug] [2023-07-23T11:25:42.461Z] >>> [apiv2][body] POST https://cloudresourcemanager.googleapis.com/v1/projects/clone-ff6c4:testIamPermissions {"permissions":["firebase.projects.get"]}
[debug] [2023-07-23T11:25:43.789Z] <<< [apiv2][status] POST https://cloudresourcemanager.googleapis.com/v1/projects/clone-ff6c4:testIamPermissions 200
[debug] [2023-07-23T11:25:43.789Z] <<< [apiv2][body] POST https://cloudresourcemanager.googleapis.com/v1/projects/clone-ff6c4:testIamPermissions {"permissions":["firebase.projects.get"]}
[debug] [2023-07-23T11:25:43.790Z] >>> [apiv2][query] GET https://serviceusage.googleapis.com/v1/projects/clone-ff6c4/services/cloudfunctions.googleapis.com [none]
[debug] [2023-07-23T11:25:43.790Z] >>> [apiv2][(partial)header] GET https://serviceusage.googleapis.com/v1/projects/clone-ff6c4/services/cloudfunctions.googleapis.com x-goog-quota-user=projects/clone-ff6c4
[debug] [2023-07-23T11:25:43.791Z] >>> [apiv2][query] GET https://serviceusage.googleapis.com/v1/projects/clone-ff6c4/services/runtimeconfig.googleapis.com [none]
[debug] [2023-07-23T11:25:43.791Z] >>> [apiv2][(partial)header] GET https://serviceusage.googleapis.com/v1/projects/clone-ff6c4/services/runtimeconfig.googleapis.com x-goog-quota-user=projects/clone-ff6c4
[debug] [2023-07-23T11:25:45.468Z] <<< [apiv2][status] GET https://serviceusage.googleapis.com/v1/projects/clone-ff6c4/services/cloudfunctions.googleapis.com 200
[debug] [2023-07-23T11:25:45.468Z] <<< [apiv2][body] GET https://serviceusage.googleapis.com/v1/projects/clone-ff6c4/services/cloudfunctions.googleapis.com [omitted]
[debug] [2023-07-23T11:25:45.469Z] <<< [apiv2][status] GET https://serviceusage.googleapis.com/v1/projects/clone-ff6c4/services/runtimeconfig.googleapis.com 200
[debug] [2023-07-23T11:25:45.469Z] <<< [apiv2][body] GET https://serviceusage.googleapis.com/v1/projects/clone-ff6c4/services/runtimeconfig.googleapis.com [omitted]
[info] 
Detected existing codebase(s): default

[info] Let's create a new codebase for your functions.
[info] A directory corresponding to the codebase will be created in your project
[info] with sample code pre-configured.

[info] See https://firebase.google.com/docs/functions/organize-functions for
[info] more information on organizing your functions using codebases.

[info] Functions can be deployed with firebase deploy.

[debug] [2023-07-23T11:26:35.193Z] ----------------------------------------------------------------------
[debug] [2023-07-23T11:26:35.195Z] Command:       H:\nodejs\node.exe C:\Users\ARCHITHA\AppData\Roaming\npm\node_modules\firebase-tools\lib\bin\firebase.js init
[debug] [2023-07-23T11:26:35.196Z] CLI Version:   12.3.1
[debug] [2023-07-23T11:26:35.196Z] Platform:      win32
[debug] [2023-07-23T11:26:35.197Z] Node Version:  v18.12.1
[debug] [2023-07-23T11:26:35.198Z] Time:          Sun Jul 23 2023 16:56:35 GMT+0530 (India Standard Time)
[debug] [2023-07-23T11:26:35.198Z] ----------------------------------------------------------------------
[debug] 
[debug] [2023-07-23T11:26:35.283Z] > command requires scopes: ["email","openid","https://www.googleapis.com/auth/cloudplatformprojects.readonly","https://www.googleapis.com/auth/firebase","https://www.googleapis.com/auth/cloud-platform"]
[debug] [2023-07-23T11:26:35.284Z] > authorizing via signed-in user (a.architha1283@gmail.com)
[info] 
     ######## #### ########  ######## ########     ###     ######  ########
     ##        ##  ##     ## ##       ##     ##  ##   ##  ##       ##
     ######    ##  ########  ######   ########  #########  ######  ######
     ##        ##  ##    ##  ##       ##     ## ##     ##       ## ##
     ##       #### ##     ## ######## ########  ##     ##  ######  ########

You're about to initialize a Firebase project in this directory:

  H:\amazon-clone

Before we get started, keep in mind:

  * You are initializing within an existing Firebase project directory

[info] 
=== Project Setup
[info] 
[info] First, let's associate this project directory with a Firebase project.
[info] You can create multiple project aliases by running firebase use --add, 
[info] but for now we'll just set up a default project.
[info] 
[debug] [2023-07-23T11:26:45.156Z] Using project from CLI flag: clone-ff6c4
[debug] [2023-07-23T11:26:45.158Z] >>> [apiv2][query] GET https://firebase.googleapis.com/v1beta1/projects/clone-ff6c4 [none]
[debug] [2023-07-23T11:26:45.600Z] <<< [apiv2][status] GET https://firebase.googleapis.com/v1beta1/projects/clone-ff6c4 200
[debug] [2023-07-23T11:26:45.600Z] <<< [apiv2][body] GET https://firebase.googleapis.com/v1beta1/projects/clone-ff6c4 {"projectId":"clone-ff6c4","projectNumber":"968345715607","displayName":"Amazon-Clone","name":"projects/clone-ff6c4","resources":{"hostingSite":"clone-ff6c4","realtimeDatabaseInstance":"clone-ff6c4-default-rtdb"},"state":"ACTIVE","etag":"1_06c8733f-081e-498d-bd96-bc6d4890653e"}
[info] i  Using project clone-ff6c4 (Amazon-Clone) 
[info] 
=== Functions Setup
[debug] [2023-07-23T11:26:45.672Z] > command requires scopes: ["email","openid","https://www.googleapis.com/auth/cloudplatformprojects.readonly","https://www.googleapis.com/auth/firebase","https://www.googleapis.com/auth/cloud-platform"]
[debug] [2023-07-23T11:26:45.672Z] > authorizing via signed-in user (a.architha1283@gmail.com)
[debug] [2023-07-23T11:26:45.672Z] [iam] checking project clone-ff6c4 for permissions ["firebase.projects.get"]
[debug] [2023-07-23T11:26:45.673Z] >>> [apiv2][query] POST https://cloudresourcemanager.googleapis.com/v1/projects/clone-ff6c4:testIamPermissions [none]
[debug] [2023-07-23T11:26:45.673Z] >>> [apiv2][(partial)header] POST https://cloudresourcemanager.googleapis.com/v1/projects/clone-ff6c4:testIamPermissions x-goog-quota-user=projects/clone-ff6c4
[debug] [2023-07-23T11:26:45.673Z] >>> [apiv2][body] POST https://cloudresourcemanager.googleapis.com/v1/projects/clone-ff6c4:testIamPermissions {"permissions":["firebase.projects.get"]}
[debug] [2023-07-23T11:26:46.928Z] <<< [apiv2][status] POST https://cloudresourcemanager.googleapis.com/v1/projects/clone-ff6c4:testIamPermissions 200
[debug] [2023-07-23T11:26:46.928Z] <<< [apiv2][body] POST https://cloudresourcemanager.googleapis.com/v1/projects/clone-ff6c4:testIamPermissions {"permissions":["firebase.projects.get"]}
[debug] [2023-07-23T11:26:46.929Z] >>> [apiv2][query] GET https://serviceusage.googleapis.com/v1/projects/clone-ff6c4/services/cloudfunctions.googleapis.com [none]
[debug] [2023-07-23T11:26:46.929Z] >>> [apiv2][(partial)header] GET https://serviceusage.googleapis.com/v1/projects/clone-ff6c4/services/cloudfunctions.googleapis.com x-goog-quota-user=projects/clone-ff6c4
[debug] [2023-07-23T11:26:46.930Z] >>> [apiv2][query] GET https://serviceusage.googleapis.com/v1/projects/clone-ff6c4/services/runtimeconfig.googleapis.com [none]
[debug] [2023-07-23T11:26:46.930Z] >>> [apiv2][(partial)header] GET https://serviceusage.googleapis.com/v1/projects/clone-ff6c4/services/runtimeconfig.googleapis.com x-goog-quota-user=projects/clone-ff6c4
[debug] [2023-07-23T11:26:48.496Z] <<< [apiv2][status] GET https://serviceusage.googleapis.com/v1/projects/clone-ff6c4/services/cloudfunctions.googleapis.com 200
[debug] [2023-07-23T11:26:48.496Z] <<< [apiv2][body] GET https://serviceusage.googleapis.com/v1/projects/clone-ff6c4/services/cloudfunctions.googleapis.com [omitted]
[debug] [2023-07-23T11:26:48.500Z] <<< [apiv2][status] GET https://serviceusage.googleapis.com/v1/projects/clone-ff6c4/services/runtimeconfig.googleapis.com 200
[debug] [2023-07-23T11:26:48.500Z] <<< [apiv2][body] GET https://serviceusage.googleapis.com/v1/projects/clone-ff6c4/services/runtimeconfig.googleapis.com [omitted]
[info] 
Detected existing codebase(s): default

[info] Let's create a new codebase for your functions.
[info] A directory corresponding to the codebase will be created in your project
[info] with sample code pre-configured.

[info] See https://firebase.google.com/docs/functions/organize-functions for
[info] more information on organizing your functions using codebases.

[info] Functions can be deployed with firebase deploy.

[debug] [2023-07-23T11:27:04.394Z] ----------------------------------------------------------------------
[debug] [2023-07-23T11:27:04.396Z] Command:       H:\nodejs\node.exe C:\Users\ARCHITHA\AppData\Roaming\npm\node_modules\firebase-tools\lib\bin\firebase.js init
[debug] [2023-07-23T11:27:04.397Z] CLI Version:   12.3.1
[debug] [2023-07-23T11:27:04.397Z] Platform:      win32
[debug] [2023-07-23T11:27:04.397Z] Node Version:  v18.12.1
[debug] [2023-07-23T11:27:04.399Z] Time:          Sun Jul 23 2023 16:57:04 GMT+0530 (India Standard Time)
[debug] [2023-07-23T11:27:04.399Z] ----------------------------------------------------------------------
[debug] 
[debug] [2023-07-23T11:27:04.483Z] > command requires scopes: ["email","openid","https://www.googleapis.com/auth/cloudplatformprojects.readonly","https://www.googleapis.com/auth/firebase","https://www.googleapis.com/auth/cloud-platform"]
[debug] [2023-07-23T11:27:04.484Z] > authorizing via signed-in user (a.architha1283@gmail.com)
[info] 
     ######## #### ########  ######## ########     ###     ######  ########
     ##        ##  ##     ## ##       ##     ##  ##   ##  ##       ##
     ######    ##  ########  ######   ########  #########  ######  ######
     ##        ##  ##    ##  ##       ##     ## ##     ##       ## ##
     ##       #### ##     ## ######## ########  ##     ##  ######  ########

You're about to initialize a Firebase project in this directory:

  H:\amazon-clone

Before we get started, keep in mind:

  * You are initializing within an existing Firebase project directory

[info] 
=== Project Setup
[info] 
[info] First, let's associate this project directory with a Firebase project.
[info] You can create multiple project aliases by running firebase use --add, 
[info] but for now we'll just set up a default project.
[info] 
[debug] [2023-07-23T11:27:13.611Z] Using project from CLI flag: clone-ff6c4
[debug] [2023-07-23T11:27:13.615Z] >>> [apiv2][query] GET https://firebase.googleapis.com/v1beta1/projects/clone-ff6c4 [none]
[debug] [2023-07-23T11:27:14.250Z] <<< [apiv2][status] GET https://firebase.googleapis.com/v1beta1/projects/clone-ff6c4 200
[debug] [2023-07-23T11:27:14.251Z] <<< [apiv2][body] GET https://firebase.googleapis.com/v1beta1/projects/clone-ff6c4 {"projectId":"clone-ff6c4","projectNumber":"968345715607","displayName":"Amazon-Clone","name":"projects/clone-ff6c4","resources":{"hostingSite":"clone-ff6c4","realtimeDatabaseInstance":"clone-ff6c4-default-rtdb"},"state":"ACTIVE","etag":"1_06c8733f-081e-498d-bd96-bc6d4890653e"}
[info] i  Using project clone-ff6c4 (Amazon-Clone) 
[info] 
=== Functions Setup
[debug] [2023-07-23T11:27:22.133Z] > command requires scopes: ["email","openid","https://www.googleapis.com/auth/cloudplatformprojects.readonly","https://www.googleapis.com/auth/firebase","https://www.googleapis.com/auth/cloud-platform"]
[debug] [2023-07-23T11:27:22.133Z] > authorizing via signed-in user (a.architha1283@gmail.com)
[debug] [2023-07-23T11:27:22.134Z] [iam] checking project clone-ff6c4 for permissions ["firebase.projects.get"]
[debug] [2023-07-23T11:27:22.134Z] >>> [apiv2][query] POST https://cloudresourcemanager.googleapis.com/v1/projects/clone-ff6c4:testIamPermissions [none]
[debug] [2023-07-23T11:27:22.134Z] >>> [apiv2][(partial)header] POST https://cloudresourcemanager.googleapis.com/v1/projects/clone-ff6c4:testIamPermissions x-goog-quota-user=projects/clone-ff6c4
[debug] [2023-07-23T11:27:22.134Z] >>> [apiv2][body] POST https://cloudresourcemanager.googleapis.com/v1/projects/clone-ff6c4:testIamPermissions {"permissions":["firebase.projects.get"]}
[debug] [2023-07-23T11:27:23.382Z] <<< [apiv2][status] POST https://cloudresourcemanager.googleapis.com/v1/projects/clone-ff6c4:testIamPermissions 200
[debug] [2023-07-23T11:27:23.382Z] <<< [apiv2][body] POST https://cloudresourcemanager.googleapis.com/v1/projects/clone-ff6c4:testIamPermissions {"permissions":["firebase.projects.get"]}
[debug] [2023-07-23T11:27:23.383Z] >>> [apiv2][query] GET https://serviceusage.googleapis.com/v1/projects/clone-ff6c4/services/cloudfunctions.googleapis.com [none]
[debug] [2023-07-23T11:27:23.383Z] >>> [apiv2][(partial)header] GET https://serviceusage.googleapis.com/v1/projects/clone-ff6c4/services/cloudfunctions.googleapis.com x-goog-quota-user=projects/clone-ff6c4
[debug] [2023-07-23T11:27:23.385Z] >>> [apiv2][query] GET https://serviceusage.googleapis.com/v1/projects/clone-ff6c4/services/runtimeconfig.googleapis.com [none]
[debug] [2023-07-23T11:27:23.385Z] >>> [apiv2][(partial)header] GET https://serviceusage.googleapis.com/v1/projects/clone-ff6c4/services/runtimeconfig.googleapis.com x-goog-quota-user=projects/clone-ff6c4
[debug] [2023-07-23T11:27:24.955Z] <<< [apiv2][status] GET https://serviceusage.googleapis.com/v1/projects/clone-ff6c4/services/cloudfunctions.googleapis.com 200
[debug] [2023-07-23T11:27:24.955Z] <<< [apiv2][body] GET https://serviceusage.googleapis.com/v1/projects/clone-ff6c4/services/cloudfunctions.googleapis.com [omitted]
[debug] [2023-07-23T11:27:24.993Z] <<< [apiv2][status] GET https://serviceusage.googleapis.com/v1/projects/clone-ff6c4/services/runtimeconfig.googleapis.com 200
[debug] [2023-07-23T11:27:24.993Z] <<< [apiv2][body] GET https://serviceusage.googleapis.com/v1/projects/clone-ff6c4/services/runtimeconfig.googleapis.com [omitted]
[info] 
Detected existing codebase(s): default

[info] 
Overwriting codebase default...

[info] i  Skipping write of functions/package.json 
[debug] [2023-07-23T11:49:40.755Z] ----------------------------------------------------------------------
[debug] [2023-07-23T11:49:40.757Z] Command:       H:\nodejs\node.exe C:\Users\ARCHITHA\AppData\Roaming\npm\node_modules\firebase-tools\lib\bin\firebase.js init
[debug] [2023-07-23T11:49:40.757Z] CLI Version:   12.3.1
[debug] [2023-07-23T11:49:40.758Z] Platform:      win32
[debug] [2023-07-23T11:49:40.758Z] Node Version:  v18.12.1
[debug] [2023-07-23T11:49:40.759Z] Time:          Sun Jul 23 2023 17:19:40 GMT+0530 (India Standard Time)
[debug] [2023-07-23T11:49:40.759Z] ----------------------------------------------------------------------
[debug] 
[debug] [2023-07-23T11:49:40.843Z] > command requires scopes: ["email","openid","https://www.googleapis.com/auth/cloudplatformprojects.readonly","https://www.googleapis.com/auth/firebase","https://www.googleapis.com/auth/cloud-platform"]
[debug] [2023-07-23T11:49:40.844Z] > authorizing via signed-in user (a.architha1283@gmail.com)
[info] 
     ######## #### ########  ######## ########     ###     ######  ########
     ##        ##  ##     ## ##       ##     ##  ##   ##  ##       ##
     ######    ##  ########  ######   ########  #########  ######  ######
     ##        ##  ##    ##  ##       ##     ## ##     ##       ## ##
     ##       #### ##     ## ######## ########  ##     ##  ######  ########

You're about to initialize a Firebase project in this directory:

  H:\amazon-clone

Before we get started, keep in mind:

  * You are initializing within an existing Firebase project directory

[info] 
=== Project Setup
[info] 
[info] First, let's associate this project directory with a Firebase project.
[info] You can create multiple project aliases by running firebase use --add, 
[info] but for now we'll just set up a default project.
[info] 
[debug] [2023-07-23T11:50:15.953Z] Using project from CLI flag: clone-ff6c4
[debug] [2023-07-23T11:50:15.957Z] >>> [apiv2][query] GET https://firebase.googleapis.com/v1beta1/projects/clone-ff6c4 [none]
[debug] [2023-07-23T11:50:16.014Z] Failed to make request to https://firebase.googleapis.com/v1beta1/projects/clone-ff6c4
[debug] [2023-07-23T11:50:16.025Z] FirebaseError: Failed to make request to https://firebase.googleapis.com/v1beta1/projects/clone-ff6c4
    at RetryOperation._fn (C:\Users\ARCHITHA\AppData\Roaming\npm\node_modules\firebase-tools\lib\apiv2.js:242:31)
    at process.processTicksAndRejections (node:internal/process/task_queues:95:5)
[error] 
[error] Error: Failed to get Firebase project clone-ff6c4. Please make sure the project exists and your account has permission to access it.
